# JRE version: OpenJDK Runtime Environment (8.0_202-b03) (build 1.8.0_202-release-1483-b03)
# Java VM: OpenJDK 64-Bit Server VM (25.202-b03 mixed mode windows-amd64 compressed oops)
Heap:
 PSYoungGen      total 29184K, used 12477K [0x00000000eab00000, 0x00000000ecc00000, 0x0000000100000000)
  eden space 24064K, 37% used [0x00000000eab00000,0x00000000eb3c69b0,0x00000000ec280000)
  from space 5120K, 68% used [0x00000000ec700000,0x00000000eca68b58,0x00000000ecc00000)
  to   space 4608K, 0% used [0x00000000ec280000,0x00000000ec280000,0x00000000ec700000)
 ParOldGen       total 68608K, used 28221K [0x00000000c0000000, 0x00000000c4300000, 0x00000000eab00000)
  object space 68608K, 41% used [0x00000000c0000000,0x00000000c1b8f790,0x00000000c4300000)
 Metaspace       used 46760K, capacity 49244K, committed 49280K, reserved 1091584K
  class space    used 5687K, capacity 6514K, committed 6528K, reserved 1048576K
GC Heap History (10 events):
Event: 8.455 GC heap before
{Heap before GC invocations=14 (full 2):
 PSYoungGen      total 25088K, used 24975K [0x00000000eab00000, 0x00000000ecc00000, 0x0000000100000000)
  eden space 22016K, 100% used [0x00000000eab00000,0x00000000ec080000,0x00000000ec080000)
  from space 3072K, 96% used [0x00000000ec080000,0x00000000ec363f28,0x00000000ec380000)
  to   space 5120K, 0% used [0x00000000ec700000,0x00000000ec700000,0x00000000ecc00000)
 ParOldGen       total 68608K, used 22458K [0x00000000c0000000, 0x00000000c4300000, 0x00000000eab00000)
  object space 68608K, 32% used [0x00000000c0000000,0x00000000c15ee9d0,0x00000000c4300000)
 Metaspace       used 38880K, capacity 41138K, committed 41216K, reserved 1085440K
  class space    used 4316K, capacity 5059K, committed 5120K, reserved 1048576K
Event: 8.458 GC heap after
Heap after GC invocations=14 (full 2):
 PSYoungGen      total 31232K, used 1252K [0x00000000eab00000, 0x00000000ecc00000, 0x0000000100000000)
  eden space 26112K, 0% used [0x00000000eab00000,0x00000000eab00000,0x00000000ec480000)
  from space 5120K, 24% used [0x00000000ec700000,0x00000000ec839370,0x00000000ecc00000)
  to   space 2560K, 0% used [0x00000000ec480000,0x00000000ec480000,0x00000000ec700000)
 ParOldGen       total 68608K, used 23246K [0x00000000c0000000, 0x00000000c4300000, 0x00000000eab00000)
  object space 68608K, 33% used [0x00000000c0000000,0x00000000c16b3a10,0x00000000c4300000)
 Metaspace       used 38880K, capacity 41138K, committed 41216K, reserved 1085440K
  class space    used 4316K, capacity 5059K, committed 5120K, reserved 1048576K
}
Event: 8.604 GC heap before
{Heap before GC invocations=15 (full 2):
 PSYoungGen      total 31232K, used 27364K [0x00000000eab00000, 0x00000000ecc00000, 0x0000000100000000)
  eden space 26112K, 100% used [0x00000000eab00000,0x00000000ec480000,0x00000000ec480000)
  from space 5120K, 24% used [0x00000000ec700000,0x00000000ec839370,0x00000000ecc00000)
  to   space 2560K, 0% used [0x00000000ec480000,0x00000000ec480000,0x00000000ec700000)
 ParOldGen       total 68608K, used 23246K [0x00000000c0000000, 0x00000000c4300000, 0x00000000eab00000)
  object space 68608K, 33% used [0x00000000c0000000,0x00000000c16b3a10,0x00000000c4300000)
 Metaspace       used 39991K, capacity 42280K, committed 42496K, reserved 1087488K
  class space    used 4530K, capacity 5272K, committed 5376K, reserved 1048576K
Event: 8.607 GC heap after
Heap after GC invocations=15 (full 2):
 PSYoungGen      total 28672K, used 2503K [0x00000000eab00000, 0x00000000ecc00000, 0x0000000100000000)
  eden space 26112K, 0% used [0x00000000eab00000,0x00000000eab00000,0x00000000ec480000)
  from space 2560K, 97% used [0x00000000ec480000,0x00000000ec6f1c18,0x00000000ec700000)
  to   space 3072K, 0% used [0x00000000ec900000,0x00000000ec900000,0x00000000ecc00000)
 ParOldGen       total 68608K, used 23254K [0x00000000c0000000, 0x00000000c4300000, 0x00000000eab00000)
  object space 68608K, 33% used [0x00000000c0000000,0x00000000c16b5a10,0x00000000c4300000)
 Metaspace       used 39991K, capacity 42280K, committed 42496K, reserved 1087488K
  class space    used 4530K, capacity 5272K, committed 5376K, reserved 1048576K
}
Event: 8.886 GC heap before
{Heap before GC invocations=16 (full 2):
 PSYoungGen      total 28672K, used 28615K [0x00000000eab00000, 0x00000000ecc00000, 0x0000000100000000)
  eden space 26112K, 100% used [0x00000000eab00000,0x00000000ec480000,0x00000000ec480000)
  from space 2560K, 97% used [0x00000000ec480000,0x00000000ec6f1c18,0x00000000ec700000)
  to   space 3072K, 0% used [0x00000000ec900000,0x00000000ec900000,0x00000000ecc00000)
 ParOldGen       total 68608K, used 23254K [0x00000000c0000000, 0x00000000c4300000, 0x00000000eab00000)
  object space 68608K, 33% used [0x00000000c0000000,0x00000000c16b5a10,0x00000000c4300000)
 Metaspace       used 42824K, capacity 45238K, committed 45568K, reserved 1089536K
  class space    used 4968K, capacity 5787K, committed 5888K, reserved 1048576K
Event: 8.891 GC heap after
Heap after GC invocations=16 (full 2):
 PSYoungGen      total 26112K, used 3049K [0x00000000eab00000, 0x00000000ed300000, 0x0000000100000000)
  eden space 23040K, 0% used [0x00000000eab00000,0x00000000eab00000,0x00000000ec180000)
  from space 3072K, 99% used [0x00000000ec900000,0x00000000ecbfa718,0x00000000ecc00000)
  to   space 7680K, 0% used [0x00000000ec180000,0x00000000ec180000,0x00000000ec900000)
 ParOldGen       total 68608K, used 27029K [0x00000000c0000000, 0x00000000c4300000, 0x00000000eab00000)
  object space 68608K, 39% used [0x00000000c0000000,0x00000000c1a65730,0x00000000c4300000)
 Metaspace       used 42824K, capacity 45238K, committed 45568K, reserved 1089536K
  class space    used 4968K, capacity 5787K, committed 5888K, reserved 1048576K
}
Event: 9.076 GC heap before
{Heap before GC invocations=17 (full 2):
 PSYoungGen      total 26112K, used 26089K [0x00000000eab00000, 0x00000000ed300000, 0x0000000100000000)
  eden space 23040K, 100% used [0x00000000eab00000,0x00000000ec180000,0x00000000ec180000)
  from space 3072K, 99% used [0x00000000ec900000,0x00000000ecbfa718,0x00000000ecc00000)
  to   space 7680K, 0% used [0x00000000ec180000,0x00000000ec180000,0x00000000ec900000)
 ParOldGen       total 68608K, used 27029K [0x00000000c0000000, 0x00000000c4300000, 0x00000000eab00000)
  object space 68608K, 39% used [0x00000000c0000000,0x00000000c1a65730,0x00000000c4300000)
 Metaspace       used 44515K, capacity 46902K, committed 47232K, reserved 1089536K
  class space    used 5367K, capacity 6171K, committed 6272K, reserved 1048576K
Event: 9.081 GC heap after
Heap after GC invocations=17 (full 2):
 PSYoungGen      total 28160K, used 5407K [0x00000000eab00000, 0x00000000ecd00000, 0x0000000100000000)
  eden space 22528K, 0% used [0x00000000eab00000,0x00000000eab00000,0x00000000ec100000)
  from space 5632K, 96% used [0x00000000ec180000,0x00000000ec6c7cd8,0x00000000ec700000)
  to   space 6144K, 0% used [0x00000000ec700000,0x00000000ec700000,0x00000000ecd00000)
 ParOldGen       total 68608K, used 28213K [0x00000000c0000000, 0x00000000c4300000, 0x00000000eab00000)
  object space 68608K, 41% used [0x00000000c0000000,0x00000000c1b8d790,0x00000000c4300000)
 Metaspace       used 44515K, capacity 46902K, committed 47232K, reserved 1089536K
  class space    used 5367K, capacity 6171K, committed 6272K, reserved 1048576K
}
Event: 14.607 GC heap before
{Heap before GC invocations=18 (full 2):
 PSYoungGen      total 28160K, used 27935K [0x00000000eab00000, 0x00000000ecd00000, 0x0000000100000000)
  eden space 22528K, 100% used [0x00000000eab00000,0x00000000ec100000,0x00000000ec100000)
  from space 5632K, 96% used [0x00000000ec180000,0x00000000ec6c7cd8,0x00000000ec700000)
  to   space 6144K, 0% used [0x00000000ec700000,0x00000000ec700000,0x00000000ecd00000)
 ParOldGen       total 68608K, used 28213K [0x00000000c0000000, 0x00000000c4300000, 0x00000000eab00000)
  object space 68608K, 41% used [0x00000000c0000000,0x00000000c1b8d790,0x00000000c4300000)
 Metaspace       used 46579K, capacity 49110K, committed 49280K, reserved 1091584K
  class space    used 5685K, capacity 6513K, committed 6528K, reserved 1048576K
Event: 14.619 GC heap after
Heap after GC invocations=18 (full 2):
 PSYoungGen      total 29184K, used 3490K [0x00000000eab00000, 0x00000000ecc00000, 0x0000000100000000)
  eden space 24064K, 0% used [0x00000000eab00000,0x00000000eab00000,0x00000000ec280000)
  from space 5120K, 68% used [0x00000000ec700000,0x00000000eca68b58,0x00000000ecc00000)
  to   space 4608K, 0% used [0x00000000ec280000,0x00000000ec280000,0x00000000ec700000)
 ParOldGen       total 68608K, used 28221K [0x00000000c0000000, 0x00000000c4300000, 0x00000000eab00000)
  object space 68608K, 41% used [0x00000000c0000000,0x00000000c1b8f790,0x00000000c4300000)
 Metaspace       used 46579K, capacity 49110K, committed 49280K, reserved 1091584K
  class space    used 5685K, capacity 6513K, committed 6528K, reserved 1048576K
}

