# JRE version: OpenJDK Runtime Environment (8.0_202-b03) (build 1.8.0_202-release-1483-b03)
# Java VM: OpenJDK 64-Bit Server VM (25.202-b03 mixed mode windows-amd64 compressed oops)
Heap:
 PSYoungGen      total 77312K, used 30195K [0x00000000e0000000, 0x00000000e5800000, 0x0000000100000000)
  eden space 65536K, 28% used [0x00000000e0000000,0x00000000e11fd798,0x00000000e4000000)
  from space 11776K, 99% used [0x00000000e4000000,0x00000000e4b7f630,0x00000000e4b80000)
  to   space 10752K, 0% used [0x00000000e4b80000,0x00000000e4b80000,0x00000000e5600000)
 ParOldGen       total 60416K, used 18865K [0x00000000a0000000, 0x00000000a3b00000, 0x00000000e0000000)
  object space 60416K, 31% used [0x00000000a0000000,0x00000000a126c5c0,0x00000000a3b00000)
 Metaspace       used 46077K, capacity 47388K, committed 47616K, reserved 1089536K
  class space    used 6208K, capacity 6597K, committed 6656K, reserved 1048576K
GC Heap History (10 events):
Event: 5.701 GC heap before
{Heap before GC invocations=9 (full 1):
 PSYoungGen      total 77312K, used 74587K [0x00000000e0000000, 0x00000000e5800000, 0x0000000100000000)
  eden space 65536K, 100% used [0x00000000e0000000,0x00000000e4000000,0x00000000e4000000)
  from space 11776K, 76% used [0x00000000e4000000,0x00000000e48d6d70,0x00000000e4b80000)
  to   space 10752K, 0% used [0x00000000e4b80000,0x00000000e4b80000,0x00000000e5600000)
 ParOldGen       total 60416K, used 10492K [0x00000000a0000000, 0x00000000a3b00000, 0x00000000e0000000)
  object space 60416K, 17% used [0x00000000a0000000,0x00000000a0a3f080,0x00000000a3b00000)
 Metaspace       used 32335K, capacity 32974K, committed 33024K, reserved 1077248K
  class space    used 4385K, capacity 4605K, committed 4608K, reserved 1048576K
Event: 5.711 GC heap after
Heap after GC invocations=9 (full 1):
 PSYoungGen      total 76288K, used 9514K [0x00000000e0000000, 0x00000000e5800000, 0x0000000100000000)
  eden space 65536K, 0% used [0x00000000e0000000,0x00000000e0000000,0x00000000e4000000)
  from space 10752K, 88% used [0x00000000e4b80000,0x00000000e54cab10,0x00000000e5600000)
  to   space 11776K, 0% used [0x00000000e4000000,0x00000000e4000000,0x00000000e4b80000)
 ParOldGen       total 60416K, used 10500K [0x00000000a0000000, 0x00000000a3b00000, 0x00000000e0000000)
  object space 60416K, 17% used [0x00000000a0000000,0x00000000a0a41080,0x00000000a3b00000)
 Metaspace       used 32335K, capacity 32974K, committed 33024K, reserved 1077248K
  class space    used 4385K, capacity 4605K, committed 4608K, reserved 1048576K
}
Event: 6.197 GC heap before
{Heap before GC invocations=10 (full 1):
 PSYoungGen      total 76288K, used 60013K [0x00000000e0000000, 0x00000000e5800000, 0x0000000100000000)
  eden space 65536K, 77% used [0x00000000e0000000,0x00000000e3150bf0,0x00000000e4000000)
  from space 10752K, 88% used [0x00000000e4b80000,0x00000000e54cab10,0x00000000e5600000)
  to   space 11776K, 0% used [0x00000000e4000000,0x00000000e4000000,0x00000000e4b80000)
 ParOldGen       total 60416K, used 10500K [0x00000000a0000000, 0x00000000a3b00000, 0x00000000e0000000)
  object space 60416K, 17% used [0x00000000a0000000,0x00000000a0a41080,0x00000000a3b00000)
 Metaspace       used 34786K, capacity 35412K, committed 35456K, reserved 1079296K
  class space    used 4763K, capacity 4984K, committed 4992K, reserved 1048576K
Event: 6.209 GC heap after
Heap after GC invocations=10 (full 1):
 PSYoungGen      total 77312K, used 10297K [0x00000000e0000000, 0x00000000e5800000, 0x0000000100000000)
  eden space 65536K, 0% used [0x00000000e0000000,0x00000000e0000000,0x00000000e4000000)
  from space 11776K, 87% used [0x00000000e4000000,0x00000000e4a0e428,0x00000000e4b80000)
  to   space 10752K, 0% used [0x00000000e4b80000,0x00000000e4b80000,0x00000000e5600000)
 ParOldGen       total 60416K, used 10508K [0x00000000a0000000, 0x00000000a3b00000, 0x00000000e0000000)
  object space 60416K, 17% used [0x00000000a0000000,0x00000000a0a43080,0x00000000a3b00000)
 Metaspace       used 34786K, capacity 35412K, committed 35456K, reserved 1079296K
  class space    used 4763K, capacity 4984K, committed 4992K, reserved 1048576K
}
Event: 6.209 GC heap before
{Heap before GC invocations=11 (full 2):
 PSYoungGen      total 77312K, used 10297K [0x00000000e0000000, 0x00000000e5800000, 0x0000000100000000)
  eden space 65536K, 0% used [0x00000000e0000000,0x00000000e0000000,0x00000000e4000000)
  from space 11776K, 87% used [0x00000000e4000000,0x00000000e4a0e428,0x00000000e4b80000)
  to   space 10752K, 0% used [0x00000000e4b80000,0x00000000e4b80000,0x00000000e5600000)
 ParOldGen       total 60416K, used 10508K [0x00000000a0000000, 0x00000000a3b00000, 0x00000000e0000000)
  object space 60416K, 17% used [0x00000000a0000000,0x00000000a0a43080,0x00000000a3b00000)
 Metaspace       used 34786K, capacity 35412K, committed 35456K, reserved 1079296K
  class space    used 4763K, capacity 4984K, committed 4992K, reserved 1048576K
Event: 6.271 GC heap after
Heap after GC invocations=11 (full 2):
 PSYoungGen      total 77312K, used 0K [0x00000000e0000000, 0x00000000e5800000, 0x0000000100000000)
  eden space 65536K, 0% used [0x00000000e0000000,0x00000000e0000000,0x00000000e4000000)
  from space 11776K, 0% used [0x00000000e4000000,0x00000000e4000000,0x00000000e4b80000)
  to   space 10752K, 0% used [0x00000000e4b80000,0x00000000e4b80000,0x00000000e5600000)
 ParOldGen       total 60416K, used 18590K [0x00000000a0000000, 0x00000000a3b00000, 0x00000000e0000000)
  object space 60416K, 30% used [0x00000000a0000000,0x00000000a1227b20,0x00000000a3b00000)
 Metaspace       used 34786K, capacity 35412K, committed 35456K, reserved 1079296K
  class space    used 4763K, capacity 4984K, committed 4992K, reserved 1048576K
}
Event: 8.038 GC heap before
{Heap before GC invocations=12 (full 2):
 PSYoungGen      total 77312K, used 65536K [0x00000000e0000000, 0x00000000e5800000, 0x0000000100000000)
  eden space 65536K, 100% used [0x00000000e0000000,0x00000000e4000000,0x00000000e4000000)
  from space 11776K, 0% used [0x00000000e4000000,0x00000000e4000000,0x00000000e4b80000)
  to   space 10752K, 0% used [0x00000000e4b80000,0x00000000e4b80000,0x00000000e5600000)
 ParOldGen       total 60416K, used 18590K [0x00000000a0000000, 0x00000000a3b00000, 0x00000000e0000000)
  object space 60416K, 30% used [0x00000000a0000000,0x00000000a1227b20,0x00000000a3b00000)
 Metaspace       used 40552K, capacity 41676K, committed 41984K, reserved 1085440K
  class space    used 5511K, capacity 5851K, committed 5888K, reserved 1048576K
Event: 8.045 GC heap after
Heap after GC invocations=12 (full 2):
 PSYoungGen      total 76288K, used 7366K [0x00000000e0000000, 0x00000000e5800000, 0x0000000100000000)
  eden space 65536K, 0% used [0x00000000e0000000,0x00000000e0000000,0x00000000e4000000)
  from space 10752K, 68% used [0x00000000e4b80000,0x00000000e52b1ac8,0x00000000e5600000)
  to   space 11776K, 0% used [0x00000000e4000000,0x00000000e4000000,0x00000000e4b80000)
 ParOldGen       total 60416K, used 18598K [0x00000000a0000000, 0x00000000a3b00000, 0x00000000e0000000)
  object space 60416K, 30% used [0x00000000a0000000,0x00000000a1229b20,0x00000000a3b00000)
 Metaspace       used 40552K, capacity 41676K, committed 41984K, reserved 1085440K
  class space    used 5511K, capacity 5851K, committed 5888K, reserved 1048576K
}
Event: 8.713 GC heap before
{Heap before GC invocations=13 (full 2):
 PSYoungGen      total 76288K, used 72491K [0x00000000e0000000, 0x00000000e5800000, 0x0000000100000000)
  eden space 65536K, 99% used [0x00000000e0000000,0x00000000e3f99160,0x00000000e4000000)
  from space 10752K, 68% used [0x00000000e4b80000,0x00000000e52b1ac8,0x00000000e5600000)
  to   space 11776K, 0% used [0x00000000e4000000,0x00000000e4000000,0x00000000e4b80000)
 ParOldGen       total 60416K, used 18598K [0x00000000a0000000, 0x00000000a3b00000, 0x00000000e0000000)
  object space 60416K, 30% used [0x00000000a0000000,0x00000000a1229b20,0x00000000a3b00000)
 Metaspace       used 45013K, capacity 46288K, committed 46464K, reserved 1089536K
  class space    used 6082K, capacity 6407K, committed 6528K, reserved 1048576K
Event: 8.722 GC heap after
Heap after GC invocations=13 (full 2):
 PSYoungGen      total 77312K, used 11773K [0x00000000e0000000, 0x00000000e5800000, 0x0000000100000000)
  eden space 65536K, 0% used [0x00000000e0000000,0x00000000e0000000,0x00000000e4000000)
  from space 11776K, 99% used [0x00000000e4000000,0x00000000e4b7f630,0x00000000e4b80000)
  to   space 10752K, 0% used [0x00000000e4b80000,0x00000000e4b80000,0x00000000e5600000)
 ParOldGen       total 60416K, used 18865K [0x00000000a0000000, 0x00000000a3b00000, 0x00000000e0000000)
  object space 60416K, 31% used [0x00000000a0000000,0x00000000a126c5c0,0x00000000a3b00000)
 Metaspace       used 45013K, capacity 46288K, committed 46464K, reserved 1089536K
  class space    used 6082K, capacity 6407K, committed 6528K, reserved 1048576K
}

