# JRE version: OpenJDK Runtime Environment (8.0_202-b03) (build 1.8.0_202-release-1483-b03)
# Java VM: OpenJDK 64-Bit Server VM (25.202-b03 mixed mode windows-amd64 compressed oops)
Heap:
 PSYoungGen      total 77312K, used 54310K [0x00000000e0000000, 0x00000000e7f80000, 0x0000000100000000)
  eden space 65536K, 69% used [0x00000000e0000000,0x00000000e2c2f070,0x00000000e4000000)
  from space 11776K, 76% used [0x00000000e4000000,0x00000000e48da8e8,0x00000000e4b80000)
  to   space 12288K, 0% used [0x00000000e7380000,0x00000000e7380000,0x00000000e7f80000)
 ParOldGen       total 61440K, used 10295K [0x00000000a0000000, 0x00000000a3c00000, 0x00000000e0000000)
  object space 61440K, 16% used [0x00000000a0000000,0x00000000a0a0dea8,0x00000000a3c00000)
 Metaspace       used 31544K, capacity 32200K, committed 32384K, reserved 1077248K
  class space    used 4250K, capacity 4475K, committed 4480K, reserved 1048576K
GC Heap History (10 events):
Event: 2.520 GC heap before
{Heap before GC invocations=4 (full 0):
 PSYoungGen      total 38400K, used 38372K [0x00000000e0000000, 0x00000000e2a80000, 0x0000000100000000)
  eden space 33280K, 100% used [0x00000000e0000000,0x00000000e2080000,0x00000000e2080000)
  from space 5120K, 99% used [0x00000000e2080000,0x00000000e2579388,0x00000000e2580000)
  to   space 5120K, 0% used [0x00000000e2580000,0x00000000e2580000,0x00000000e2a80000)
 ParOldGen       total 87552K, used 1687K [0x00000000a0000000, 0x00000000a5580000, 0x00000000e0000000)
  object space 87552K, 1% used [0x00000000a0000000,0x00000000a01a5d80,0x00000000a5580000)
 Metaspace       used 14703K, capacity 15072K, committed 15360K, reserved 1062912K
  class space    used 2067K, capacity 2192K, committed 2304K, reserved 1048576K
Event: 2.527 GC heap after
Heap after GC invocations=4 (full 0):
 PSYoungGen      total 38400K, used 5104K [0x00000000e0000000, 0x00000000e4b00000, 0x0000000100000000)
  eden space 33280K, 0% used [0x00000000e0000000,0x00000000e0000000,0x00000000e2080000)
  from space 5120K, 99% used [0x00000000e2580000,0x00000000e2a7c030,0x00000000e2a80000)
  to   space 5120K, 0% used [0x00000000e2080000,0x00000000e2080000,0x00000000e2580000)
 ParOldGen       total 87552K, used 4159K [0x00000000a0000000, 0x00000000a5580000, 0x00000000e0000000)
  object space 87552K, 4% used [0x00000000a0000000,0x00000000a040fc58,0x00000000a5580000)
 Metaspace       used 14703K, capacity 15072K, committed 15360K, reserved 1062912K
  class space    used 2067K, capacity 2192K, committed 2304K, reserved 1048576K
}
Event: 2.871 GC heap before
{Heap before GC invocations=5 (full 0):
 PSYoungGen      total 38400K, used 38384K [0x00000000e0000000, 0x00000000e4b00000, 0x0000000100000000)
  eden space 33280K, 100% used [0x00000000e0000000,0x00000000e2080000,0x00000000e2080000)
  from space 5120K, 99% used [0x00000000e2580000,0x00000000e2a7c030,0x00000000e2a80000)
  to   space 5120K, 0% used [0x00000000e2080000,0x00000000e2080000,0x00000000e2580000)
 ParOldGen       total 87552K, used 4159K [0x00000000a0000000, 0x00000000a5580000, 0x00000000e0000000)
  object space 87552K, 4% used [0x00000000a0000000,0x00000000a040fc58,0x00000000a5580000)
 Metaspace       used 17764K, capacity 18188K, committed 18432K, reserved 1064960K
  class space    used 2560K, capacity 2724K, committed 2816K, reserved 1048576K
Event: 2.879 GC heap after
Heap after GC invocations=5 (full 0):
 PSYoungGen      total 38400K, used 5088K [0x00000000e0000000, 0x00000000e5600000, 0x0000000100000000)
  eden space 33280K, 0% used [0x00000000e0000000,0x00000000e0000000,0x00000000e2080000)
  from space 5120K, 99% used [0x00000000e2080000,0x00000000e2578020,0x00000000e2580000)
  to   space 10752K, 0% used [0x00000000e4b80000,0x00000000e4b80000,0x00000000e5600000)
 ParOldGen       total 87552K, used 7934K [0x00000000a0000000, 0x00000000a5580000, 0x00000000e0000000)
  object space 87552K, 9% used [0x00000000a0000000,0x00000000a07bf8d8,0x00000000a5580000)
 Metaspace       used 17764K, capacity 18188K, committed 18432K, reserved 1064960K
  class space    used 2560K, capacity 2724K, committed 2816K, reserved 1048576K
}
Event: 3.224 GC heap before
{Heap before GC invocations=6 (full 0):
 PSYoungGen      total 38400K, used 36838K [0x00000000e0000000, 0x00000000e5600000, 0x0000000100000000)
  eden space 33280K, 95% used [0x00000000e0000000,0x00000000e1f01b30,0x00000000e2080000)
  from space 5120K, 99% used [0x00000000e2080000,0x00000000e2578020,0x00000000e2580000)
  to   space 10752K, 0% used [0x00000000e4b80000,0x00000000e4b80000,0x00000000e5600000)
 ParOldGen       total 87552K, used 7934K [0x00000000a0000000, 0x00000000a5580000, 0x00000000e0000000)
  object space 87552K, 9% used [0x00000000a0000000,0x00000000a07bf8d8,0x00000000a5580000)
 Metaspace       used 20695K, capacity 21200K, committed 21296K, reserved 1067008K
  class space    used 2975K, capacity 3172K, committed 3200K, reserved 1048576K
Event: 3.232 GC heap after
Heap after GC invocations=6 (full 0):
 PSYoungGen      total 76288K, used 9431K [0x00000000e0000000, 0x00000000e5800000, 0x0000000100000000)
  eden space 65536K, 0% used [0x00000000e0000000,0x00000000e0000000,0x00000000e4000000)
  from space 10752K, 87% used [0x00000000e4b80000,0x00000000e54b5d00,0x00000000e5600000)
  to   space 11776K, 0% used [0x00000000e4000000,0x00000000e4000000,0x00000000e4b80000)
 ParOldGen       total 87552K, used 7942K [0x00000000a0000000, 0x00000000a5580000, 0x00000000e0000000)
  object space 87552K, 9% used [0x00000000a0000000,0x00000000a07c18d8,0x00000000a5580000)
 Metaspace       used 20695K, capacity 21200K, committed 21296K, reserved 1067008K
  class space    used 2975K, capacity 3172K, committed 3200K, reserved 1048576K
}
Event: 3.232 GC heap before
{Heap before GC invocations=7 (full 1):
 PSYoungGen      total 76288K, used 9431K [0x00000000e0000000, 0x00000000e5800000, 0x0000000100000000)
  eden space 65536K, 0% used [0x00000000e0000000,0x00000000e0000000,0x00000000e4000000)
  from space 10752K, 87% used [0x00000000e4b80000,0x00000000e54b5d00,0x00000000e5600000)
  to   space 11776K, 0% used [0x00000000e4000000,0x00000000e4000000,0x00000000e4b80000)
 ParOldGen       total 87552K, used 7942K [0x00000000a0000000, 0x00000000a5580000, 0x00000000e0000000)
  object space 87552K, 9% used [0x00000000a0000000,0x00000000a07c18d8,0x00000000a5580000)
 Metaspace       used 20695K, capacity 21200K, committed 21296K, reserved 1067008K
  class space    used 2975K, capacity 3172K, committed 3200K, reserved 1048576K
Event: 3.263 GC heap after
Heap after GC invocations=7 (full 1):
 PSYoungGen      total 76288K, used 0K [0x00000000e0000000, 0x00000000e5800000, 0x0000000100000000)
  eden space 65536K, 0% used [0x00000000e0000000,0x00000000e0000000,0x00000000e4000000)
  from space 10752K, 0% used [0x00000000e4b80000,0x00000000e4b80000,0x00000000e5600000)
  to   space 11776K, 0% used [0x00000000e4000000,0x00000000e4000000,0x00000000e4b80000)
 ParOldGen       total 61440K, used 10287K [0x00000000a0000000, 0x00000000a3c00000, 0x00000000e0000000)
  object space 61440K, 16% used [0x00000000a0000000,0x00000000a0a0bea8,0x00000000a3c00000)
 Metaspace       used 20695K, capacity 21200K, committed 21296K, reserved 1067008K
  class space    used 2975K, capacity 3172K, committed 3200K, reserved 1048576K
}
Event: 3.924 GC heap before
{Heap before GC invocations=8 (full 1):
 PSYoungGen      total 76288K, used 65536K [0x00000000e0000000, 0x00000000e5800000, 0x0000000100000000)
  eden space 65536K, 100% used [0x00000000e0000000,0x00000000e4000000,0x00000000e4000000)
  from space 10752K, 0% used [0x00000000e4b80000,0x00000000e4b80000,0x00000000e5600000)
  to   space 11776K, 0% used [0x00000000e4000000,0x00000000e4000000,0x00000000e4b80000)
 ParOldGen       total 61440K, used 10287K [0x00000000a0000000, 0x00000000a3c00000, 0x00000000e0000000)
  object space 61440K, 16% used [0x00000000a0000000,0x00000000a0a0bea8,0x00000000a3c00000)
 Metaspace       used 28814K, capacity 29386K, committed 29568K, reserved 1075200K
  class space    used 3908K, capacity 4102K, committed 4224K, reserved 1048576K
Event: 3.935 GC heap after
Heap after GC invocations=8 (full 1):
 PSYoungGen      total 77312K, used 9066K [0x00000000e0000000, 0x00000000e7f80000, 0x0000000100000000)
  eden space 65536K, 0% used [0x00000000e0000000,0x00000000e0000000,0x00000000e4000000)
  from space 11776K, 76% used [0x00000000e4000000,0x00000000e48da8e8,0x00000000e4b80000)
  to   space 12288K, 0% used [0x00000000e7380000,0x00000000e7380000,0x00000000e7f80000)
 ParOldGen       total 61440K, used 10295K [0x00000000a0000000, 0x00000000a3c00000, 0x00000000e0000000)
  object space 61440K, 16% used [0x00000000a0000000,0x00000000a0a0dea8,0x00000000a3c00000)
 Metaspace       used 28814K, capacity 29386K, committed 29568K, reserved 1075200K
  class space    used 3908K, capacity 4102K, committed 4224K, reserved 1048576K
}

